{"name":"Success login with valid data","status":"failed","statusDetails":{"known":false,"muted":false,"flaky":false,"message":"Invalid element state [By.id: login]: element click intercepted: Element <button id=\"login\" type=\"button\" class=\"btn btn-primary\">...</button> is not clickable at point (820, 573). Other element would receive the click: <div>...</div>\r\nScreenshot: file:/C:/Users/VivoBook/IdeaProject/Litegog-UI-Cucumber-Tests/build/reports/tests/1702933763734.0.png\r\nPage source: file:/C:/Users/VivoBook/IdeaProject/Litegog-UI-Cucumber-Tests/build/reports/tests/1702933763734.0.html\r\nTimeout: 4 s.\r\nCaused by: ElementClickInterceptedException: element click intercepted: Element <button id=\"login\" type=\"button\" class=\"btn btn-primary\">...</button> is not clickable at point (820, 573). Other element would receive the click: <div>...</div>","trace":"Invalid element state [By.id: login]: element click intercepted: Element <button id=\"login\" type=\"button\" class=\"btn btn-primary\">...</button> is not clickable at point (820, 573). Other element would receive the click: <div>...</div>\r\nScreenshot: file:/C:/Users/VivoBook/IdeaProject/Litegog-UI-Cucumber-Tests/build/reports/tests/1702933763734.0.png\r\nPage source: file:/C:/Users/VivoBook/IdeaProject/Litegog-UI-Cucumber-Tests/build/reports/tests/1702933763734.0.html\r\nTimeout: 4 s.\r\nCaused by: ElementClickInterceptedException: element click intercepted: Element <button id=\"login\" type=\"button\" class=\"btn btn-primary\">...</button> is not clickable at point (820, 573). Other element would receive the click: <div>...</div>\r\n\tat com.codeborne.selenide.impl.ExceptionWrapper.wrap(ExceptionWrapper.java:26)\r\n\tat com.codeborne.selenide.impl.SelenideElementProxy.dispatchAndRetry(SelenideElementProxy.java:154)\r\n\tat com.codeborne.selenide.impl.SelenideElementProxy.invoke(SelenideElementProxy.java:84)\r\n\tat com.sun.proxy.$Proxy22.click(Unknown Source)\r\n\tat steps.LoginFormSteps.iPushTheLoginButtonOnPageWithLoginForm(LoginFormSteps.java:38)\r\n\tat âœ½.When I push the Login button on page with Login-form(UserLoginLogoutRegister.feature:11)\r\nCaused by: org.openqa.selenium.ElementClickInterceptedException: element click intercepted: Element <button id=\"login\" type=\"button\" class=\"btn btn-primary\">...</button> is not clickable at point (820, 573). Other element would receive the click: <div>...</div>\n  (Session info: chrome=120.0.6099.72)\nBuild info: version: '4.11.0', revision: '040bc5406b'\nSystem info: os.name: 'Windows 11', os.arch: 'amd64', os.version: '10.0', java.version: '11.0.21'\nDriver info: org.openqa.selenium.chrome.ChromeDriver\nCommand: [855e3bcd75032bf020514897d2bcb14e, clickElement {id=1A6D39783AF6DC2479D9F580C85B37DE_element_86}]\nCapabilities {acceptInsecureCerts: true, browserName: chrome, browserVersion: 120.0.6099.72, chrome: {chromedriverVersion: 120.0.6099.109 (3419140ab66..., userDataDir: C:\\Users\\VivoBook\\AppData\\L...}, fedcm:accounts: true, goog:chromeOptions: {debuggerAddress: localhost:53688}, networkConnectionEnabled: false, pageLoadStrategy: normal, platformName: windows, proxy: Proxy(), se:cdp: ws://localhost:53688/devtoo..., se:cdpVersion: 120.0.6099.72, setWindowRect: true, strictFileInteractability: false, timeouts: {implicit: 0, pageLoad: 300000, script: 30000}, unhandledPromptBehavior: accept, webauthn:extension:credBlob: true, webauthn:extension:largeBlob: true, webauthn:extension:minPinLength: true, webauthn:extension:prf: true, webauthn:virtualAuthenticators: true}\nElement: [[ChromeDriver: chrome on windows (855e3bcd75032bf020514897d2bcb14e)] -> id: login]\nSession ID: 855e3bcd75032bf020514897d2bcb14e\r\n\tat java.base/jdk.internal.reflect.NativeConstructorAccessorImpl.newInstance0(Native Method)\r\n\tat java.base/jdk.internal.reflect.NativeConstructorAccessorImpl.newInstance(NativeConstructorAccessorImpl.java:62)\r\n\tat java.base/jdk.internal.reflect.DelegatingConstructorAccessorImpl.newInstance(DelegatingConstructorAccessorImpl.java:45)\r\n\tat java.base/java.lang.reflect.Constructor.newInstance(Constructor.java:490)\r\n\tat org.openqa.selenium.remote.codec.w3c.W3CHttpResponseCodec.createException(W3CHttpResponseCodec.java:200)\r\n\tat org.openqa.selenium.remote.codec.w3c.W3CHttpResponseCodec.decode(W3CHttpResponseCodec.java:133)\r\n\tat org.openqa.selenium.remote.codec.w3c.W3CHttpResponseCodec.decode(W3CHttpResponseCodec.java:52)\r\n\tat org.openqa.selenium.remote.HttpCommandExecutor.execute(HttpCommandExecutor.java:191)\r\n\tat org.openqa.selenium.remote.service.DriverCommandExecutor.invokeExecute(DriverCommandExecutor.java:196)\r\n\tat org.openqa.selenium.remote.service.DriverCommandExecutor.execute(DriverCommandExecutor.java:171)\r\n\tat org.openqa.selenium.remote.RemoteWebDriver.execute(RemoteWebDriver.java:518)\r\n\tat org.openqa.selenium.remote.RemoteWebElement.execute(RemoteWebElement.java:224)\r\n\tat org.openqa.selenium.remote.RemoteWebElement.click(RemoteWebElement.java:77)\r\n\tat com.codeborne.selenide.commands.Click.defaultClick(Click.java:97)\r\n\tat com.codeborne.selenide.commands.Click.click(Click.java:54)\r\n\tat com.codeborne.selenide.commands.Click.execute(Click.java:31)\r\n\tat com.codeborne.selenide.commands.Click.execute(Click.java:21)\r\n\tat com.codeborne.selenide.commands.Commands.execute(Commands.java:163)\r\n\tat com.codeborne.selenide.impl.SelenideElementProxy.dispatchAndRetry(SelenideElementProxy.java:132)\r\n\tat com.codeborne.selenide.impl.SelenideElementProxy.invoke(SelenideElementProxy.java:84)\r\n\tat com.sun.proxy.$Proxy22.click(Unknown Source)\r\n\tat steps.LoginFormSteps.iPushTheLoginButtonOnPageWithLoginForm(LoginFormSteps.java:38)\r\n\tat java.base/jdk.internal.reflect.NativeMethodAccessorImpl.invoke0(Native Method)\r\n\tat java.base/jdk.internal.reflect.NativeMethodAccessorImpl.invoke(NativeMethodAccessorImpl.java:62)\r\n\tat java.base/jdk.internal.reflect.DelegatingMethodAccessorImpl.invoke(DelegatingMethodAccessorImpl.java:43)\r\n\tat java.base/java.lang.reflect.Method.invoke(Method.java:566)\r\n\tat cucumber.runtime.Utils$1.call(Utils.java:40)\r\n\tat cucumber.runtime.Timeout.timeout(Timeout.java:16)\r\n\tat cucumber.runtime.Utils.invoke(Utils.java:34)\r\n\tat cucumber.runtime.java.JavaStepDefinition.execute(JavaStepDefinition.java:38)\r\n\tat cucumber.runtime.StepDefinitionMatch.runStep(StepDefinitionMatch.java:37)\r\n\tat cucumber.runtime.Runtime.runStep(Runtime.java:300)\r\n\tat cucumber.runtime.model.StepContainer.runStep(StepContainer.java:44)\r\n\tat cucumber.runtime.model.StepContainer.runSteps(StepContainer.java:39)\r\n\tat cucumber.runtime.model.CucumberScenario.run(CucumberScenario.java:44)\r\n\tat cucumber.runtime.junit.ExecutionUnitRunner.run(ExecutionUnitRunner.java:102)\r\n\tat cucumber.runtime.junit.FeatureRunner.runChild(FeatureRunner.java:63)\r\n\tat cucumber.runtime.junit.FeatureRunner.runChild(FeatureRunner.java:18)\r\n\tat org.junit.runners.ParentRunner$4.run(ParentRunner.java:331)\r\n\tat org.junit.runners.ParentRunner$1.schedule(ParentRunner.java:79)\r\n\tat org.junit.runners.ParentRunner.runChildren(ParentRunner.java:329)\r\n\tat org.junit.runners.ParentRunner.access$100(ParentRunner.java:66)\r\n\tat org.junit.runners.ParentRunner$2.evaluate(ParentRunner.java:293)\r\n\tat org.junit.runners.ParentRunner$3.evaluate(ParentRunner.java:306)\r\n\tat org.junit.runners.ParentRunner.run(ParentRunner.java:413)\r\n\tat cucumber.runtime.junit.FeatureRunner.run(FeatureRunner.java:70)\r\n\tat cucumber.api.junit.Cucumber.runChild(Cucumber.java:95)\r\n\tat cucumber.api.junit.Cucumber.runChild(Cucumber.java:38)\r\n\tat org.junit.runners.ParentRunner$4.run(ParentRunner.java:331)\r\n\tat org.junit.runners.ParentRunner$1.schedule(ParentRunner.java:79)\r\n\tat org.junit.runners.ParentRunner.runChildren(ParentRunner.java:329)\r\n\tat org.junit.runners.ParentRunner.access$100(ParentRunner.java:66)\r\n\tat org.junit.runners.ParentRunner$2.evaluate(ParentRunner.java:293)\r\n\tat org.junit.runners.ParentRunner$3.evaluate(ParentRunner.java:306)\r\n\tat org.junit.runners.ParentRunner.run(ParentRunner.java:413)\r\n\tat cucumber.api.junit.Cucumber.run(Cucumber.java:100)\r\n\tat org.junit.runner.JUnitCore.run(JUnitCore.java:137)\r\n\tat com.intellij.junit4.JUnit4IdeaTestRunner.startRunnerWithArgs(JUnit4IdeaTestRunner.java:69)\r\n\tat com.intellij.rt.junit.IdeaTestRunner$Repeater$1.execute(IdeaTestRunner.java:38)\r\n\tat com.intellij.rt.execution.junit.TestsRepeater.repeat(TestsRepeater.java:11)\r\n\tat com.intellij.rt.junit.IdeaTestRunner$Repeater.startRunnerWithArgs(IdeaTestRunner.java:35)\r\n\tat com.intellij.rt.junit.JUnitStarter.prepareStreamsAndStart(JUnitStarter.java:232)\r\n\tat com.intellij.rt.junit.JUnitStarter.main(JUnitStarter.java:55)\r\n"},"stage":"finished","steps":[{"name":"$(\"open\") https://demoqa.com/books","status":"passed","stage":"finished","steps":[{"name":"$(\"webdriver\") create()","status":"passed","stage":"finished","steps":[],"attachments":[],"parameters":[],"start":1702933748706,"stop":1702933754043}],"attachments":[],"parameters":[],"start":1702933748689,"stop":1702933755853},{"name":"Given  I open Bookstore page","status":"passed","stage":"finished","steps":[{"name":"$(\"open\") https://demoqa.com/books","status":"passed","stage":"finished","steps":[],"attachments":[],"parameters":[],"start":1702933757089,"stop":1702933758431}],"attachments":[],"parameters":[],"start":1702933755856,"stop":1702933758439},{"name":"When  I push the Login button on Bookstore page","status":"passed","stage":"finished","steps":[{"name":"$(\"By.id: login\") click()","status":"passed","stage":"finished","steps":[],"attachments":[],"parameters":[],"start":1702933758444,"stop":1702933759056}],"attachments":[],"parameters":[],"start":1702933758440,"stop":1702933759056},{"name":"Then  I am on the page with Login-form","status":"passed","stage":"finished","steps":[{"name":"$(\"By.id: login\") should be([visible, 10 s.])","status":"passed","stage":"finished","steps":[],"attachments":[],"parameters":[],"start":1702933759062,"stop":1702933759104}],"attachments":[],"parameters":[],"start":1702933759057,"stop":1702933759104},{"name":"When  I input \"alexgor@gmx.de\" to username field","status":"passed","stage":"finished","steps":[{"name":"$(\"By.id: userName\") set value(alexgor@gmx.de)","status":"passed","stage":"finished","steps":[],"attachments":[],"parameters":[],"start":1702933759113,"stop":1702933759402}],"attachments":[],"parameters":[],"start":1702933759106,"stop":1702933759403},{"name":"And  input \"Alexgor0!\" to password field","status":"passed","stage":"finished","steps":[{"name":"$(\"By.id: password\") set value(Alexgor0!)","status":"passed","stage":"finished","steps":[],"attachments":[],"parameters":[],"start":1702933759403,"stop":1702933759708}],"attachments":[],"parameters":[],"start":1702933759403,"stop":1702933759709},{"name":"When  I push the Login button on page with Login-form","status":"failed","stage":"finished","steps":[{"name":"$(\"By.id: login\") click()","status":"failed","statusDetails":{"known":false,"muted":false,"flaky":false,"message":"Invalid element state [By.id: login]: element click intercepted: Element <button id=\"login\" type=\"button\" class=\"btn btn-primary\">...</button> is not clickable at point (820, 573). Other element would receive the click: <div>...</div>\r\nScreenshot: file:/C:/Users/VivoBook/IdeaProject/Litegog-UI-Cucumber-Tests/build/reports/tests/1702933763734.0.png\r\nPage source: file:/C:/Users/VivoBook/IdeaProject/Litegog-UI-Cucumber-Tests/build/reports/tests/1702933763734.0.html\r\nTimeout: 4 s.\r\nCaused by: ElementClickInterceptedException: element click intercepted: Element <button id=\"login\" type=\"button\" class=\"btn btn-primary\">...</button> is not clickable at point (820, 573). Other element would receive the click: <div>...</div>","trace":"Invalid element state [By.id: login]: element click intercepted: Element <button id=\"login\" type=\"button\" class=\"btn btn-primary\">...</button> is not clickable at point (820, 573). Other element would receive the click: <div>...</div>\r\nScreenshot: file:/C:/Users/VivoBook/IdeaProject/Litegog-UI-Cucumber-Tests/build/reports/tests/1702933763734.0.png\r\nPage source: file:/C:/Users/VivoBook/IdeaProject/Litegog-UI-Cucumber-Tests/build/reports/tests/1702933763734.0.html\r\nTimeout: 4 s.\r\nCaused by: ElementClickInterceptedException: element click intercepted: Element <button id=\"login\" type=\"button\" class=\"btn btn-primary\">...</button> is not clickable at point (820, 573). Other element would receive the click: <div>...</div>\r\n\tat com.codeborne.selenide.impl.ExceptionWrapper.wrap(ExceptionWrapper.java:26)\r\n\tat com.codeborne.selenide.impl.SelenideElementProxy.dispatchAndRetry(SelenideElementProxy.java:154)\r\n\tat com.codeborne.selenide.impl.SelenideElementProxy.invoke(SelenideElementProxy.java:84)\r\n\tat com.sun.proxy.$Proxy22.click(Unknown Source)\r\n\tat steps.LoginFormSteps.iPushTheLoginButtonOnPageWithLoginForm(LoginFormSteps.java:38)\r\n\tat java.base/jdk.internal.reflect.NativeMethodAccessorImpl.invoke0(Native Method)\r\n\tat java.base/jdk.internal.reflect.NativeMethodAccessorImpl.invoke(NativeMethodAccessorImpl.java:62)\r\n\tat java.base/jdk.internal.reflect.DelegatingMethodAccessorImpl.invoke(DelegatingMethodAccessorImpl.java:43)\r\n\tat java.base/java.lang.reflect.Method.invoke(Method.java:566)\r\n\tat cucumber.runtime.Utils$1.call(Utils.java:40)\r\n\tat cucumber.runtime.Timeout.timeout(Timeout.java:16)\r\n\tat cucumber.runtime.Utils.invoke(Utils.java:34)\r\n\tat cucumber.runtime.java.JavaStepDefinition.execute(JavaStepDefinition.java:38)\r\n\tat cucumber.runtime.StepDefinitionMatch.runStep(StepDefinitionMatch.java:37)\r\n\tat cucumber.runtime.Runtime.runStep(Runtime.java:300)\r\n\tat cucumber.runtime.model.StepContainer.runStep(StepContainer.java:44)\r\n\tat cucumber.runtime.model.StepContainer.runSteps(StepContainer.java:39)\r\n\tat cucumber.runtime.model.CucumberScenario.run(CucumberScenario.java:44)\r\n\tat cucumber.runtime.junit.ExecutionUnitRunner.run(ExecutionUnitRunner.java:102)\r\n\tat cucumber.runtime.junit.FeatureRunner.runChild(FeatureRunner.java:63)\r\n\tat cucumber.runtime.junit.FeatureRunner.runChild(FeatureRunner.java:18)\r\n\tat org.junit.runners.ParentRunner$4.run(ParentRunner.java:331)\r\n\tat org.junit.runners.ParentRunner$1.schedule(ParentRunner.java:79)\r\n\tat org.junit.runners.ParentRunner.runChildren(ParentRunner.java:329)\r\n\tat org.junit.runners.ParentRunner.access$100(ParentRunner.java:66)\r\n\tat org.junit.runners.ParentRunner$2.evaluate(ParentRunner.java:293)\r\n\tat org.junit.runners.ParentRunner$3.evaluate(ParentRunner.java:306)\r\n\tat org.junit.runners.ParentRunner.run(ParentRunner.java:413)\r\n\tat cucumber.runtime.junit.FeatureRunner.run(FeatureRunner.java:70)\r\n\tat cucumber.api.junit.Cucumber.runChild(Cucumber.java:95)\r\n\tat cucumber.api.junit.Cucumber.runChild(Cucumber.java:38)\r\n\tat org.junit.runners.ParentRunner$4.run(ParentRunner.java:331)\r\n\tat org.junit.runners.ParentRunner$1.schedule(ParentRunner.java:79)\r\n\tat org.junit.runners.ParentRunner.runChildren(ParentRunner.java:329)\r\n\tat org.junit.runners.ParentRunner.access$100(ParentRunner.java:66)\r\n\tat org.junit.runners.ParentRunner$2.evaluate(ParentRunner.java:293)\r\n\tat org.junit.runners.ParentRunner$3.evaluate(ParentRunner.java:306)\r\n\tat org.junit.runners.ParentRunner.run(ParentRunner.java:413)\r\n\tat cucumber.api.junit.Cucumber.run(Cucumber.java:100)\r\n\tat org.junit.runner.JUnitCore.run(JUnitCore.java:137)\r\n\tat com.intellij.junit4.JUnit4IdeaTestRunner.startRunnerWithArgs(JUnit4IdeaTestRunner.java:69)\r\n\tat com.intellij.rt.junit.IdeaTestRunner$Repeater$1.execute(IdeaTestRunner.java:38)\r\n\tat com.intellij.rt.execution.junit.TestsRepeater.repeat(TestsRepeater.java:11)\r\n\tat com.intellij.rt.junit.IdeaTestRunner$Repeater.startRunnerWithArgs(IdeaTestRunner.java:35)\r\n\tat com.intellij.rt.junit.JUnitStarter.prepareStreamsAndStart(JUnitStarter.java:232)\r\n\tat com.intellij.rt.junit.JUnitStarter.main(JUnitStarter.java:55)\r\nCaused by: org.openqa.selenium.ElementClickInterceptedException: element click intercepted: Element <button id=\"login\" type=\"button\" class=\"btn btn-primary\">...</button> is not clickable at point (820, 573). Other element would receive the click: <div>...</div>\n  (Session info: chrome=120.0.6099.72)\nBuild info: version: '4.11.0', revision: '040bc5406b'\nSystem info: os.name: 'Windows 11', os.arch: 'amd64', os.version: '10.0', java.version: '11.0.21'\nDriver info: org.openqa.selenium.chrome.ChromeDriver\nCommand: [855e3bcd75032bf020514897d2bcb14e, clickElement {id=1A6D39783AF6DC2479D9F580C85B37DE_element_86}]\nCapabilities {acceptInsecureCerts: true, browserName: chrome, browserVersion: 120.0.6099.72, chrome: {chromedriverVersion: 120.0.6099.109 (3419140ab66..., userDataDir: C:\\Users\\VivoBook\\AppData\\L...}, fedcm:accounts: true, goog:chromeOptions: {debuggerAddress: localhost:53688}, networkConnectionEnabled: false, pageLoadStrategy: normal, platformName: windows, proxy: Proxy(), se:cdp: ws://localhost:53688/devtoo..., se:cdpVersion: 120.0.6099.72, setWindowRect: true, strictFileInteractability: false, timeouts: {implicit: 0, pageLoad: 300000, script: 30000}, unhandledPromptBehavior: accept, webauthn:extension:credBlob: true, webauthn:extension:largeBlob: true, webauthn:extension:minPinLength: true, webauthn:extension:prf: true, webauthn:virtualAuthenticators: true}\nElement: [[ChromeDriver: chrome on windows (855e3bcd75032bf020514897d2bcb14e)] -> id: login]\nSession ID: 855e3bcd75032bf020514897d2bcb14e\r\n\tat java.base/jdk.internal.reflect.NativeConstructorAccessorImpl.newInstance0(Native Method)\r\n\tat java.base/jdk.internal.reflect.NativeConstructorAccessorImpl.newInstance(NativeConstructorAccessorImpl.java:62)\r\n\tat java.base/jdk.internal.reflect.DelegatingConstructorAccessorImpl.newInstance(DelegatingConstructorAccessorImpl.java:45)\r\n\tat java.base/java.lang.reflect.Constructor.newInstance(Constructor.java:490)\r\n\tat org.openqa.selenium.remote.codec.w3c.W3CHttpResponseCodec.createException(W3CHttpResponseCodec.java:200)\r\n\tat org.openqa.selenium.remote.codec.w3c.W3CHttpResponseCodec.decode(W3CHttpResponseCodec.java:133)\r\n\tat org.openqa.selenium.remote.codec.w3c.W3CHttpResponseCodec.decode(W3CHttpResponseCodec.java:52)\r\n\tat org.openqa.selenium.remote.HttpCommandExecutor.execute(HttpCommandExecutor.java:191)\r\n\tat org.openqa.selenium.remote.service.DriverCommandExecutor.invokeExecute(DriverCommandExecutor.java:196)\r\n\tat org.openqa.selenium.remote.service.DriverCommandExecutor.execute(DriverCommandExecutor.java:171)\r\n\tat org.openqa.selenium.remote.RemoteWebDriver.execute(RemoteWebDriver.java:518)\r\n\tat org.openqa.selenium.remote.RemoteWebElement.execute(RemoteWebElement.java:224)\r\n\tat org.openqa.selenium.remote.RemoteWebElement.click(RemoteWebElement.java:77)\r\n\tat com.codeborne.selenide.commands.Click.defaultClick(Click.java:97)\r\n\tat com.codeborne.selenide.commands.Click.click(Click.java:54)\r\n\tat com.codeborne.selenide.commands.Click.execute(Click.java:31)\r\n\tat com.codeborne.selenide.commands.Click.execute(Click.java:21)\r\n\tat com.codeborne.selenide.commands.Commands.execute(Commands.java:163)\r\n\tat com.codeborne.selenide.impl.SelenideElementProxy.dispatchAndRetry(SelenideElementProxy.java:132)\r\n\t... 44 more\r\n"},"stage":"finished","steps":[],"attachments":[{"name":"Screenshot","source":"43b7734f-ec06-414c-9ba5-a3ccc83a650c-attachment.png","type":"image/png"},{"name":"Page source","source":"4e887f44-0ed1-4b1b-afb1-22cc811e944c-attachment.html","type":"text/html"}],"parameters":[],"start":1702933759710,"stop":1702933764224}],"attachments":[],"parameters":[],"start":1702933759709,"stop":1702933764279},{"name":"Then  I am on the page Profile","status":"skipped","stage":"finished","steps":[],"attachments":[],"parameters":[],"start":1702933764279,"stop":1702933764283},{"name":"$(\"webdriver\") close()","status":"passed","stage":"finished","steps":[],"attachments":[],"parameters":[],"start":1702933764285,"stop":1702933764686}],"attachments":[],"parameters":[],"start":1702933748498,"stop":1702933764687,"uuid":"b7ee27bf-7710-49df-a11a-9e358e5beca8","historyId":"d5ab4490b36225d19172471f3bcf03af","fullName":"UserLoginLogoutRegister: Success login with valid data","labels":[{"name":"feature","value":"UserLoginLogoutRegister"},{"name":"story","value":"Success login with valid data"},{"name":"tag","value":"UserLoginLogoutRegister"},{"name":"host","value":"Vivo17"},{"name":"thread","value":"15532@Vivo17.main(1)"},{"name":"package","value":"UserLoginLogoutRegister"},{"name":"suite","value":"UserLoginLogoutRegister"},{"name":"testClass","value":"Success login with valid data"},{"name":"framework","value":"cucumberjvm"},{"name":"language","value":"java"}],"links":[]}